Determining if the pthread_create exist failed with the following output:
Change Dir: /home/optio32/catkin_ws/src/quadrotor_flight/cmake-build-debug/CMakeFiles/CMakeTmp

Run Build Command:"/usr/bin/make" "cmTC_d4c13/fast"
/usr/bin/make -f CMakeFiles/cmTC_d4c13.dir/build.make CMakeFiles/cmTC_d4c13.dir/build
make[1]: Entering directory '/home/optio32/catkin_ws/src/quadrotor_flight/cmake-build-debug/CMakeFiles/CMakeTmp'
Building C object CMakeFiles/cmTC_d4c13.dir/CheckSymbolExists.c.o
/usr/bin/cc    -o CMakeFiles/cmTC_d4c13.dir/CheckSymbolExists.c.o   -c /home/optio32/catkin_ws/src/quadrotor_flight/cmake-build-debug/CMakeFiles/CMakeTmp/CheckSymbolExists.c
Linking C executable cmTC_d4c13
/opt/clion-2018.2.2/bin/cmake/linux/bin/cmake -E cmake_link_script CMakeFiles/cmTC_d4c13.dir/link.txt --verbose=1
/usr/bin/cc      -rdynamic CMakeFiles/cmTC_d4c13.dir/CheckSymbolExists.c.o  -o cmTC_d4c13 
CMakeFiles/cmTC_d4c13.dir/CheckSymbolExists.c.o: In function `main':
CheckSymbolExists.c:(.text+0x16): undefined reference to `pthread_create'
collect2: error: ld returned 1 exit status
CMakeFiles/cmTC_d4c13.dir/build.make:86: recipe for target 'cmTC_d4c13' failed
make[1]: *** [cmTC_d4c13] Error 1
make[1]: Leaving directory '/home/optio32/catkin_ws/src/quadrotor_flight/cmake-build-debug/CMakeFiles/CMakeTmp'
Makefile:121: recipe for target 'cmTC_d4c13/fast' failed
make: *** [cmTC_d4c13/fast] Error 2

File /home/optio32/catkin_ws/src/quadrotor_flight/cmake-build-debug/CMakeFiles/CMakeTmp/CheckSymbolExists.c:
/* */
#include <pthread.h>

int main(int argc, char** argv)
{
  (void)argv;
#ifndef pthread_create
  return ((int*)(&pthread_create))[argc];
#else
  (void)argc;
  return 0;
#endif
}

Determining if the function pthread_create exists in the pthreads failed with the following output:
Change Dir: /home/optio32/catkin_ws/src/quadrotor_flight/cmake-build-debug/CMakeFiles/CMakeTmp

Run Build Command:"/usr/bin/make" "cmTC_347f6/fast"
/usr/bin/make -f CMakeFiles/cmTC_347f6.dir/build.make CMakeFiles/cmTC_347f6.dir/build
make[1]: Entering directory '/home/optio32/catkin_ws/src/quadrotor_flight/cmake-build-debug/CMakeFiles/CMakeTmp'
Building C object CMakeFiles/cmTC_347f6.dir/CheckFunctionExists.c.o
/usr/bin/cc   -DCHECK_FUNCTION_EXISTS=pthread_create   -o CMakeFiles/cmTC_347f6.dir/CheckFunctionExists.c.o   -c /opt/clion-2018.2.2/bin/cmake/linux/share/cmake-3.12/Modules/CheckFunctionExists.c
Linking C executable cmTC_347f6
/opt/clion-2018.2.2/bin/cmake/linux/bin/cmake -E cmake_link_script CMakeFiles/cmTC_347f6.dir/link.txt --verbose=1
/usr/bin/cc  -DCHECK_FUNCTION_EXISTS=pthread_create    -rdynamic CMakeFiles/cmTC_347f6.dir/CheckFunctionExists.c.o  -o cmTC_347f6 -lpthreads 
/usr/bin/ld: cannot find -lpthreads
collect2: error: ld returned 1 exit status
CMakeFiles/cmTC_347f6.dir/build.make:86: recipe for target 'cmTC_347f6' failed
make[1]: *** [cmTC_347f6] Error 1
make[1]: Leaving directory '/home/optio32/catkin_ws/src/quadrotor_flight/cmake-build-debug/CMakeFiles/CMakeTmp'
Makefile:121: recipe for target 'cmTC_347f6/fast' failed
make: *** [cmTC_347f6/fast] Error 2


